SQLSTATE[HY000] [1045] Access denied for user 'db_user'@'localhost' (using password: YES)SQLSTATE[HY000] [1045] Access denied for user 'db_user'@'localhost' (using password: YES)SQLSTATE[HY000] [1045] Access denied for user 'db_user'@'localhost' (using password: YES)SQLSTATE[HY000] [1045] Access denied for user 'db_user'@'localhost' (using password: YES)SQLSTATE[HY000] [1045] Access denied for user 'localhost'@'localhost' (using password: NO)Failed login attempt for user: admin
Uploaded: 100%
Successfully uploaded: Test
Watching movie ID: 1
Uploaded: 100%
Successfully uploaded: Test 2 (ID: 2)
Watching movie ID: 2
Watching movie ID: 2
Uploaded: 100%
Successfully uploaded: New movie (ID: 3)
Uploaded: 100%
Successfully uploaded: as (ID: 4)
Uploaded: 100%
Successfully uploaded: aaa (ID: 5)
Uploaded: 100%
Successfully uploaded: as (ID: 6)
Watching movie ID: 7
Watching movie ID: 7
Watching movie ID: 8
Watching movie ID: 8
Watching movie ID: 10
Watching movie ID: 2
Watching movie ID: 11
Watching movie ID: 12
File upload error: 
Watching movie ID: 12
Watching movie ID: 11
Successfully uploaded movie: Zenith 11 (ID: 13) with file path: uploads/13.mp4
Watching movie ID: 13
Watching movie ID: 13
Watching movie ID: 13
File upload error: 
Successfully uploaded movie: asdasd (ID: 14) with file path: uploads/14.mp4
Watching movie ID: 14
Successfully uploaded chunk 0 for movie ID: 15
Successfully updated file path for movie ID: 15
Successfully uploaded chunk 0 for movie ID: 16
Successfully updated file path for movie ID: 16
Successfully uploaded chunk 0 for movie ID: 17
Successfully updated file path for movie ID: 17
Successfully uploaded chunk 0 for movie ID: 18
Successfully updated file path for movie ID: 18
Successfully uploaded chunk 0 for movie ID: 19
Successfully updated file path for movie ID: 19
Successfully uploaded chunk 0 for movie ID: 20
Successfully updated file path for movie ID: 20
Successfully uploaded chunk 0 for movie ID: 21
Successfully updated file path for movie ID: 21
Successfully uploaded chunk 0 for movie ID: 22
Successfully updated file path for movie ID: 22
Successfully uploaded chunk 0 for movie ID: 23
Successfully updated file path for movie ID: 23
Successfully uploaded chunk 0 for movie ID: 24
Successfully updated file path for movie ID: 24
Successfully uploaded chunk 0 for movie ID: 25
Successfully updated file path for movie ID: 25
Successfully uploaded chunk 0 for movie ID: 26
Successfully updated file path for movie ID: 26
Successfully uploaded chunk 0 for movie ID: 27
Successfully updated file path for movie ID: 27
Successfully uploaded chunk 0 for movie ID: 28
Successfully updated file path for movie ID: 28
Successfully uploaded chunk 0 for movie ID: 29
Successfully updated file path for movie ID: 29
Successfully uploaded chunk 0 for movie ID: 30
Successfully updated file path for movie ID: 30
Successfully uploaded chunk 0 for movie ID: 31
Successfully updated file path for movie ID: 31
Successfully uploaded chunk 0 for movie ID: 32
Successfully updated file path for movie ID: 32
Successfully uploaded chunk 0 for movie ID: 33
Successfully updated file path for movie ID: 33
Successfully uploaded chunk 0 for movie ID: 34
Successfully updated file path for movie ID: 34
Successfully uploaded chunk 0 for movie ID: 35
Successfully updated file path for movie ID: 35
Successfully uploaded chunk 0 for movie ID: 36
Successfully updated file path for movie ID: 36
Successfully uploaded chunk 0 for movie ID: 37
Successfully updated file path for movie ID: 37
Successfully uploaded chunk 0 for movie ID: 38
Successfully updated file path for movie ID: 38
Successfully uploaded chunk 0 for movie ID: 39
Successfully updated file path for movie ID: 39
Successfully uploaded chunk 0 for movie ID: 40
Successfully updated file path for movie ID: 40
Successfully uploaded chunk 0 for movie ID: 41
Successfully updated file path for movie ID: 41
Watching movie ID: 41
File does not exist: uploads/15.
File does not exist: uploads/16.
File does not exist: uploads/17.
File does not exist: uploads/18.
File does not exist: uploads/19.
File does not exist: uploads/20.
File does not exist: uploads/21.
File does not exist: uploads/22.
File does not exist: uploads/23.
File does not exist: uploads/24.
File does not exist: uploads/25.
File does not exist: uploads/26.
File does not exist: uploads/27.
File does not exist: uploads/28.
File does not exist: uploads/29.
File does not exist: uploads/30.
File does not exist: uploads/31.
File does not exist: uploads/32.
File does not exist: uploads/33.
File does not exist: uploads/34.
File does not exist: uploads/35.
File does not exist: uploads/36.
File does not exist: uploads/37.
File does not exist: uploads/38.
File does not exist: uploads/39.
File does not exist: uploads/40.
File does not exist: uploads/41.
